<?xml version="1.0" encoding="UTF-8"?>
<testng-results skipped="0" failed="0" total="5" passed="5">
  <reporter-output>
  </reporter-output>
  <suite name="Default suite" duration-ms="3366" started-at="2020-01-13T18:24:10Z" finished-at="2020-01-13T18:24:13Z">
    <groups>
    </groups>
    <test name="Default test" duration-ms="3366" started-at="2020-01-13T18:24:10Z" finished-at="2020-01-13T18:24:13Z">
      <class name="tests.ProductDetailsPageTest">
        <test-method status="PASS" signature="verifyDescription()[pri:0, instance:tests.ProductDetailsPageTest@5890e879]" name="verifyDescription" duration-ms="625" started-at="2020-01-13T23:54:11Z" finished-at="2020-01-13T23:54:12Z">
          <reporter-output>
          </reporter-output>
        </test-method> <!-- verifyDescription -->
        <test-method status="PASS" signature="verifyFacebookBtn()[pri:0, instance:tests.ProductDetailsPageTest@5890e879]" name="verifyFacebookBtn" duration-ms="203" started-at="2020-01-13T23:54:12Z" finished-at="2020-01-13T23:54:12Z">
          <reporter-output>
          </reporter-output>
        </test-method> <!-- verifyFacebookBtn -->
        <test-method status="PASS" signature="verifyGoogleBtn()[pri:0, instance:tests.ProductDetailsPageTest@5890e879]" name="verifyGoogleBtn" duration-ms="412" started-at="2020-01-13T23:54:12Z" finished-at="2020-01-13T23:54:12Z">
          <reporter-output>
          </reporter-output>
        </test-method> <!-- verifyGoogleBtn -->
        <test-method status="PASS" signature="verifyPinterestBtn()[pri:0, instance:tests.ProductDetailsPageTest@5890e879]" name="verifyPinterestBtn" duration-ms="764" started-at="2020-01-13T23:54:12Z" finished-at="2020-01-13T23:54:13Z">
          <reporter-output>
          </reporter-output>
        </test-method> <!-- verifyPinterestBtn -->
        <test-method status="PASS" signature="verifyTweetBtn()[pri:0, instance:tests.ProductDetailsPageTest@5890e879]" name="verifyTweetBtn" duration-ms="384" started-at="2020-01-13T23:54:13Z" finished-at="2020-01-13T23:54:13Z">
          <reporter-output>
          </reporter-output>
        </test-method> <!-- verifyTweetBtn -->
      </class> <!-- tests.ProductDetailsPageTest -->
    </test> <!-- Default test -->
  </suite> <!-- Default suite -->
</testng-results>
